Step: build-step-credential-initializer-g8qzb:

{"level":"warn","ts":1554189807.7594154,"logger":"fallback-logger","caller":"logging/config.go:65","msg":"Fetch GitHub commit ID from kodata failed: \"ref: refs/heads/backport-container-name-fix\" is not a valid GitHub commit ID"}
{"level":"info","ts":1554189807.7687266,"logger":"fallback-logger","caller":"creds-init/main.go:40","msg":"Credentials initialized."}
Step: build-step-git-source-jstrachan-helloworld-knative-master-zzj46:

{"level":"warn","ts":1554189809.781778,"logger":"fallback-logger","caller":"logging/config.go:65","msg":"Fetch GitHub commit ID from kodata failed: \"ref: refs/heads/backport-container-name-fix\" is not a valid GitHub commit ID"}
{"level":"info","ts":1554189811.491619,"logger":"fallback-logger","caller":"git-init/main.go:99","msg":"Successfully cloned \"https://github.com/jstrachan/helloworld-knative\" @ \"v0.1.6\" in path \"/workspace/source\""}
Step: build-step-place-tools:

Step: build-step-setup-**-git-credentials:

Generated Git credentials file /workspace/xdg_config/git/credentials
Step: build-step-build-make-build:

echo building with make
building with make
Step: build-step-build-container-build:

[36mINFO[0m[0000] Downloading base image golang                
ERROR: logging before flag.Parse: E0402 07:23:36.939213       9 metadata.go:142] while reading 'google-dockercfg' metadata: http status code: 404 while fetching url http://metadata.google.internal./computeMetadata/v1/instance/attributes/google-dockercfg
ERROR: logging before flag.Parse: E0402 07:23:36.945545       9 metadata.go:159] while reading 'google-dockercfg-url' metadata: http status code: 404 while fetching url http://metadata.google.internal./computeMetadata/v1/instance/attributes/google-dockercfg-url
2019/04/02 07:23:36 No matching credentials were found, falling back on anonymous
[36mINFO[0m[0001] Error while retrieving image from cache: getting file info: stat /workspace/sha256:56548eadfbce43d2e01a342351ec8743d12d61a5e03c7639ad04ed1f5882ba0e: no such file or directory 
[36mINFO[0m[0001] Downloading base image golang                
2019/04/02 07:23:38 No matching credentials were found, falling back on anonymous
[36mINFO[0m[0002] Using files from context: [/workspace/source] 
[36mINFO[0m[0002] Checking for cached layer 10.67.240.96:5000/ccdb04be58c6966cddf119ba2ad7f0d488b74f44dd42528ea34d35d00bb29905... 
2019/04/02 07:23:39 No matching credentials were found, falling back on anonymous
[36mINFO[0m[0002] No cached layer found for cmd RUN CGO_ENABLED=0 GOOS=linux go build -v -o helloworld 
[36mINFO[0m[0002] Unpacking rootfs as cmd RUN CGO_ENABLED=0 GOOS=linux go build -v -o helloworld requires it. 
[36mINFO[0m[0022] Taking snapshot of full filesystem...        
[36mINFO[0m[0030] WORKDIR /go/src/github.com/knative/docs/helloworld 
[36mINFO[0m[0030] cmd: workdir                                 
[36mINFO[0m[0030] Changed working directory to /go/src/github.com/knative/docs/helloworld 
[36mINFO[0m[0030] Creating directory /go/src/github.com/knative/docs/helloworld 
[36mINFO[0m[0030] Taking snapshot of files...                  
[36mINFO[0m[0030] Using files from context: [/workspace/source] 
[36mINFO[0m[0030] COPY . .                                     
[36mINFO[0m[0030] Taking snapshot of files...                  
[36mINFO[0m[0030] RUN CGO_ENABLED=0 GOOS=linux go build -v -o helloworld 
[36mINFO[0m[0030] cmd: /bin/sh                                 
[36mINFO[0m[0030] args: [-c CGO_ENABLED=0 GOOS=linux go build -v -o helloworld] 
net
net/textproto
crypto/x509
internal/x/net/http/httpguts
internal/x/net/http/httpproxy
crypto/tls
net/http/httptrace
net/http
github.com/knative/docs/helloworld
[36mINFO[0m[0037] Taking snapshot of full filesystem...        
[36mINFO[0m[0042] Pushing layer 10.67.240.96:5000/ccdb04be58c6966cddf119ba2ad7f0d488b74f44dd42528ea34d35d00bb29905 to cache now 
2019/04/02 07:24:19 pushed blob sha256:a523f3da0c03a3a54cd78b4f8857a6495980240fc85881cd183a376308a35b93
2019/04/02 07:24:19 pushed blob sha256:ca6f4d31d568ef4ad3ca857f95a252289160ba14dae1a19781c603e62c3a1c63
2019/04/02 07:24:19 10.67.240.96:5000/ccdb04be58c6966cddf119ba2ad7f0d488b74f44dd42528ea34d35d00bb29905:latest: digest: sha256:346e768653e2722821d14eb847ac9b5127c41c667750323db65ccb2b4ada1e51 size: 428
[36mINFO[0m[0043] Storing source image from stage 0 at path /kaniko/stages/0 
[36mINFO[0m[0075] Deleting filesystem...                       
[36mINFO[0m[0078] Downloading base image alpine                
ERROR: logging before flag.Parse: E0402 07:24:54.954624       9 metadata.go:142] while reading 'google-dockercfg' metadata: http status code: 404 while fetching url http://metadata.google.internal./computeMetadata/v1/instance/attributes/google-dockercfg
ERROR: logging before flag.Parse: E0402 07:24:54.960358       9 metadata.go:159] while reading 'google-dockercfg-url' metadata: http status code: 404 while fetching url http://metadata.google.internal./computeMetadata/v1/instance/attributes/google-dockercfg-url
2019/04/02 07:24:54 No matching credentials were found, falling back on anonymous
[36mINFO[0m[0078] Error while retrieving image from cache: getting file info: stat /workspace/sha256:d05ecd4520cab5d9e5d877595fb0532aadcd6c90f4bbc837bc11679f704c4c82: no such file or directory 
[36mINFO[0m[0078] Downloading base image alpine                
2019/04/02 07:24:55 No matching credentials were found, falling back on anonymous
[36mINFO[0m[0079] Skipping unpacking as no commands require it. 
[36mINFO[0m[0079] Taking snapshot of full filesystem...        
[36mINFO[0m[0079] COPY --from=builder /go/src/github.com/knative/docs/helloworld/helloworld /helloworld 
[36mINFO[0m[0079] Taking snapshot of files...                  
[36mINFO[0m[0080] ENV PORT 8080                                
[36mINFO[0m[0080] No files changed in this command, skipping snapshotting. 
[36mINFO[0m[0080] CMD ["/helloworld"]                          
[36mINFO[0m[0080] No files changed in this command, skipping snapshotting. 
2019/04/02 07:24:56 existing blob: sha256:8e402f1a9c577ded051c1ef10e9fe4492890459522089959988a4852dee8ab2c
2019/04/02 07:24:58 pushed blob sha256:37cf87b37698337a289761fc3f5a6c91f2b84bada2e97bfd4593a606f973a069
2019/04/02 07:24:58 pushed blob sha256:9251c83fc4a4114e94844726aa47015a2298b3f841c3bbc15b47a0300c8e9a37
2019/04/02 07:24:58 10.67.240.96:5000/jstrachan/helloworld-knative:0.1.6: digest: sha256:86ce4fc50af5c284d1a6189022c275f46aa2eb618e70818fd52fc93e1ddbf82b size: 592
Step: build-step-build-post-build:

no CVE provider running in the current ** namespace so skip adding image to be analysed
Step: build-step-promote-changelog:

Converted /workspace/source/charts/helloworld-knative to an unshallow repository
Generating change log from git ref 0.1.4 => 926d9b5a9252114a16d538efa8de83e2dc4a1838
Failed to enrich commits with issues: User.jenkins.io "-0" is invalid: metadata.name: Invalid value: "-0": a DNS-1123 subdomain must consist of lower case alphanumeric characters, '-' or '.', and must start and end with an alphanumeric character (e.g. 'example.com', regex used for validation is '[a-z0-9]([-a-z0-9]*[a-z0-9])?(\.[a-z0-9]([-a-z0-9]*[a-z0-9])?)*')
Failed to enrich commits with issues: User.jenkins.io "-0" is invalid: metadata.name: Invalid value: "-0": a DNS-1123 subdomain must consist of lower case alphanumeric characters, '-' or '.', and must start and end with an alphanumeric character (e.g. 'example.com', regex used for validation is '[a-z0-9]([-a-z0-9]*[a-z0-9])?(\.[a-z0-9]([-a-z0-9]*[a-z0-9])?)*')
Finding issues in commit messages using git format
No release found for jstrachan/helloworld-knative and tag v0.1.6 so creating a new release
Updated the release information at https://github.com/jstrachan/helloworld-knative/releases/tag/v0.1.6
generated: /workspace/source/charts/helloworld-knative/templates/release.yaml
Created Release helloworld-knative-0-1-6 resource in namespace **
Updating PipelineActivity jstrachan-helloworld-knative-master-4 with version 0.1.6
Updated PipelineActivities jstrachan-helloworld-knative-master-4 with release notes URL: https://github.com/jstrachan/helloworld-knative/releases/tag/v0.1.6
Step: build-step-promote-helm-release:

No $CHART_REPOSITORY defined so using the default value of: http://jenkins-x-chartmuseum:8080
Adding missing Helm repo: jenkins-x http://chartmuseum.jenkins-x.io
Successfully added Helm repository jenkins-x.
Adding missing Helm repo: releases http://jenkins-x-chartmuseum:8080
Successfully added Helm repository releases.
No $CHART_REPOSITORY defined so using the default value of: http://jenkins-x-chartmuseum:8080
Uploading chart file helloworld-knative-0.1.6.tgz to http://jenkins-x-chartmuseum:8080/api/charts
Received 201 response: {"saved":true}
Step: build-step-promote-**-promote:

prow based install so skip waiting for the merge of Pull Requests to go green as currently there is an issue with gettingstatuses from the PR, see https://github.com/jenkins-x/**/issues/2410
Promoting app helloworld-knative version 0.1.6 to namespace **-staging
Created Pull Request: https://github.com/******************/environment-jstrachan-t2-staging2/pull/4

Rebasing PullRequest due to conflict
Created Pull Request: https://github.com/******************/environment-jstrachan-t2-staging2/pull/8

Pull Request https://github.com/******************/environment-jstrachan-t2-staging2/pull/8 is merged at sha 667a22925d0f1241df67107123bb36871b944d63
Pull Request merged but we are not waiting for the update pipeline to complete!
Could not find the service URL in namespace **-staging for names helloworld-knative, **-helloworld-knative, **-staging-helloworld-knative
