Step: build-step-credential-initializer-t9wpm:

{"level":"warn","ts":1554189827.414752,"logger":"fallback-logger","caller":"logging/config.go:65","msg":"Fetch GitHub commit ID from kodata failed: \"ref: refs/heads/backport-container-name-fix\" is not a valid GitHub commit ID"}
{"level":"info","ts":1554189827.4155571,"logger":"fallback-logger","caller":"creds-init/main.go:40","msg":"Credentials initialized."}
Step: build-step-git-source-jstrachan-helloworld-knative-master-mnh9r:

{"level":"warn","ts":1554189830.0358996,"logger":"fallback-logger","caller":"logging/config.go:65","msg":"Fetch GitHub commit ID from kodata failed: \"ref: refs/heads/backport-container-name-fix\" is not a valid GitHub commit ID"}
{"level":"info","ts":1554189831.2071238,"logger":"fallback-logger","caller":"git-init/main.go:99","msg":"Successfully cloned \"https://github.com/jstrachan/helloworld-knative\" @ \"v0.1.7\" in path \"/workspace/source\""}
Step: build-step-place-tools:

Step: build-step-setup-**-git-credentials:

Generated Git credentials file /workspace/xdg_config/git/credentials
Step: build-step-build-make-build:

echo building with make
building with make
Step: build-step-build-container-build:

[36mINFO[0m[0000] Downloading base image golang                
ERROR: logging before flag.Parse: E0402 07:24:01.939543      16 metadata.go:142] while reading 'google-dockercfg' metadata: http status code: 404 while fetching url http://metadata.google.internal./computeMetadata/v1/instance/attributes/google-dockercfg
ERROR: logging before flag.Parse: E0402 07:24:01.943666      16 metadata.go:159] while reading 'google-dockercfg-url' metadata: http status code: 404 while fetching url http://metadata.google.internal./computeMetadata/v1/instance/attributes/google-dockercfg-url
2019/04/02 07:24:01 No matching credentials were found, falling back on anonymous
[36mINFO[0m[0001] Error while retrieving image from cache: getting file info: stat /workspace/sha256:56548eadfbce43d2e01a342351ec8743d12d61a5e03c7639ad04ed1f5882ba0e: no such file or directory 
[36mINFO[0m[0001] Downloading base image golang                
2019/04/02 07:24:03 No matching credentials were found, falling back on anonymous
[36mINFO[0m[0002] Using files from context: [/workspace/source] 
[36mINFO[0m[0002] Checking for cached layer 10.67.240.96:5000/533c4126d5cabc2d732672b7e8546a12438d4854e0a8f1da3f869f1eac2ae111... 
2019/04/02 07:24:03 No matching credentials were found, falling back on anonymous
[36mINFO[0m[0002] No cached layer found for cmd RUN CGO_ENABLED=0 GOOS=linux go build -v -o helloworld 
[36mINFO[0m[0002] Unpacking rootfs as cmd RUN CGO_ENABLED=0 GOOS=linux go build -v -o helloworld requires it. 
[36mINFO[0m[0021] Taking snapshot of full filesystem...        
[36mINFO[0m[0027] WORKDIR /go/src/github.com/knative/docs/helloworld 
[36mINFO[0m[0027] cmd: workdir                                 
[36mINFO[0m[0027] Changed working directory to /go/src/github.com/knative/docs/helloworld 
[36mINFO[0m[0027] Creating directory /go/src/github.com/knative/docs/helloworld 
[36mINFO[0m[0027] Taking snapshot of files...                  
[36mINFO[0m[0027] Using files from context: [/workspace/source] 
[36mINFO[0m[0027] COPY . .                                     
[36mINFO[0m[0027] Taking snapshot of files...                  
[36mINFO[0m[0027] RUN CGO_ENABLED=0 GOOS=linux go build -v -o helloworld 
[36mINFO[0m[0027] cmd: /bin/sh                                 
[36mINFO[0m[0027] args: [-c CGO_ENABLED=0 GOOS=linux go build -v -o helloworld] 
net
net/textproto
crypto/x509
internal/x/net/http/httpguts
internal/x/net/http/httpproxy
crypto/tls
net/http/httptrace
net/http
github.com/knative/docs/helloworld
[36mINFO[0m[0034] Taking snapshot of full filesystem...        
[36mINFO[0m[0040] Pushing layer 10.67.240.96:5000/533c4126d5cabc2d732672b7e8546a12438d4854e0a8f1da3f869f1eac2ae111 to cache now 
2019/04/02 07:24:42 pushed blob sha256:439681a2f9754c092b580d99f6d4f016766ebb8a28db655a2c84e52f45fa2052
2019/04/02 07:24:43 pushed blob sha256:f88d6f94ffe320824d84293aed8b31e79d14c48cc1507e11f9b6abd99a3be096
2019/04/02 07:24:43 10.67.240.96:5000/533c4126d5cabc2d732672b7e8546a12438d4854e0a8f1da3f869f1eac2ae111:latest: digest: sha256:9a1fda9fab0f27432a3948b4564e186693cbe474dc4135a723d0aac1cc5aded5 size: 428
[36mINFO[0m[0041] Storing source image from stage 0 at path /kaniko/stages/0 
[36mINFO[0m[0073] Deleting filesystem...                       
[36mINFO[0m[0075] Downloading base image alpine                
ERROR: logging before flag.Parse: E0402 07:25:17.062324      16 metadata.go:142] while reading 'google-dockercfg' metadata: http status code: 404 while fetching url http://metadata.google.internal./computeMetadata/v1/instance/attributes/google-dockercfg
ERROR: logging before flag.Parse: E0402 07:25:17.066284      16 metadata.go:159] while reading 'google-dockercfg-url' metadata: http status code: 404 while fetching url http://metadata.google.internal./computeMetadata/v1/instance/attributes/google-dockercfg-url
2019/04/02 07:25:17 No matching credentials were found, falling back on anonymous
[36mINFO[0m[0075] Error while retrieving image from cache: getting file info: stat /workspace/sha256:d05ecd4520cab5d9e5d877595fb0532aadcd6c90f4bbc837bc11679f704c4c82: no such file or directory 
[36mINFO[0m[0075] Downloading base image alpine                
2019/04/02 07:25:17 No matching credentials were found, falling back on anonymous
[36mINFO[0m[0076] Skipping unpacking as no commands require it. 
[36mINFO[0m[0076] Taking snapshot of full filesystem...        
[36mINFO[0m[0078] COPY --from=builder /go/src/github.com/knative/docs/helloworld/helloworld /helloworld 
[36mINFO[0m[0078] Taking snapshot of files...                  
[36mINFO[0m[0078] ENV PORT 8080                                
[36mINFO[0m[0078] No files changed in this command, skipping snapshotting. 
[36mINFO[0m[0078] CMD ["/helloworld"]                          
[36mINFO[0m[0078] No files changed in this command, skipping snapshotting. 
2019/04/02 07:25:20 existing blob: sha256:8e402f1a9c577ded051c1ef10e9fe4492890459522089959988a4852dee8ab2c
2019/04/02 07:25:20 pushed blob sha256:b1ccc9209f40e3e1d838396df41505563300580c6c696a6d4db1cb834925c1e2
2019/04/02 07:25:21 pushed blob sha256:77e3c733a94db2b0922467ce465c19e1eac83c3d4ead046f2d2cb8176e9ea04d
2019/04/02 07:25:21 10.67.240.96:5000/jstrachan/helloworld-knative:0.1.7: digest: sha256:680b92ebb73cc6b1f7f465f82198bba2e16be27db121da975b691c411846c972 size: 592
Step: build-step-build-post-build:

no CVE provider running in the current ** namespace so skip adding image to be analysed
Step: build-step-promote-changelog:

Converted /workspace/source/charts/helloworld-knative to an unshallow repository
Generating change log from git ref v0.1.0 => 926d9b5a9252114a16d538efa8de83e2dc4a1838
Failed to enrich commits with issues: User.jenkins.io "-0" is invalid: metadata.name: Invalid value: "-0": a DNS-1123 subdomain must consist of lower case alphanumeric characters, '-' or '.', and must start and end with an alphanumeric character (e.g. 'example.com', regex used for validation is '[a-z0-9]([-a-z0-9]*[a-z0-9])?(\.[a-z0-9]([-a-z0-9]*[a-z0-9])?)*')
Failed to enrich commits with issues: User.jenkins.io "-0" is invalid: metadata.name: Invalid value: "-0": a DNS-1123 subdomain must consist of lower case alphanumeric characters, '-' or '.', and must start and end with an alphanumeric character (e.g. 'example.com', regex used for validation is '[a-z0-9]([-a-z0-9]*[a-z0-9])?(\.[a-z0-9]([-a-z0-9]*[a-z0-9])?)*')
Finding issues in commit messages using git format
Failed to enrich commits with issues: User.jenkins.io "-0" is invalid: metadata.name: Invalid value: "-0": a DNS-1123 subdomain must consist of lower case alphanumeric characters, '-' or '.', and must start and end with an alphanumeric character (e.g. 'example.com', regex used for validation is '[a-z0-9]([-a-z0-9]*[a-z0-9])?(\.[a-z0-9]([-a-z0-9]*[a-z0-9])?)*')
Failed to enrich commits with issues: User.jenkins.io "-0" is invalid: metadata.name: Invalid value: "-0": a DNS-1123 subdomain must consist of lower case alphanumeric characters, '-' or '.', and must start and end with an alphanumeric character (e.g. 'example.com', regex used for validation is '[a-z0-9]([-a-z0-9]*[a-z0-9])?(\.[a-z0-9]([-a-z0-9]*[a-z0-9])?)*')
No release found for jstrachan/helloworld-knative and tag v0.1.7 so creating a new release
Updated the release information at https://github.com/jstrachan/helloworld-knative/releases/tag/v0.1.7
generated: /workspace/source/charts/helloworld-knative/templates/release.yaml
Created Release helloworld-knative-0-1-7 resource in namespace **
Updating PipelineActivity jstrachan-helloworld-knative-master-5 with version 0.1.7
Updated PipelineActivities jstrachan-helloworld-knative-master-5 with release notes URL: https://github.com/jstrachan/helloworld-knative/releases/tag/v0.1.7
Step: build-step-promote-helm-release:

No $CHART_REPOSITORY defined so using the default value of: http://jenkins-x-chartmuseum:8080
Adding missing Helm repo: jenkins-x http://chartmuseum.jenkins-x.io
Successfully added Helm repository jenkins-x.
Adding missing Helm repo: releases http://jenkins-x-chartmuseum:8080
Successfully added Helm repository releases.
No $CHART_REPOSITORY defined so using the default value of: http://jenkins-x-chartmuseum:8080
Uploading chart file helloworld-knative-0.1.7.tgz to http://jenkins-x-chartmuseum:8080/api/charts
Received 201 response: {"saved":true}
Step: build-step-promote-**-promote:

prow based install so skip waiting for the merge of Pull Requests to go green as currently there is an issue with gettingstatuses from the PR, see https://github.com/jenkins-x/**/issues/2410
Promoting app helloworld-knative version 0.1.7 to namespace **-staging
Created Pull Request: https://github.com/******************/environment-jstrachan-t2-staging2/pull/6

Failed to merge the Pull Request https://github.com/******************/environment-jstrachan-t2-staging2/pull/6 due to PUT https://api.github.com/repos/******************/environment-jstrachan-t2-staging2/pulls/6/merge: 405 Pull Request is not mergeable [] maybe I don't have karma?
Rebasing PullRequest due to conflict
Created Pull Request: https://github.com/******************/environment-jstrachan-t2-staging2/pull/9

Pull Request https://github.com/******************/environment-jstrachan-t2-staging2/pull/9 is merged at sha 69ffa16619ab82bc08335cf9c889373829a56948
Pull Request merged but we are not waiting for the update pipeline to complete!
Could not find the service URL in namespace **-staging for names helloworld-knative, **-helloworld-knative, **-staging-helloworld-knative
